<?xml version="1.0" encoding="UTF-8"?>
<!-- Generated by org.testng.reporters.JUnitReportReporter -->
<testsuite hostname="LAPTOP-1S9JIMTU" failures="0" tests="1" name="testScript.AddingCourseTocart" time="16.630" errors="0" timestamp="2021-11-16T11:02:44 IST" skipped="0">
  <testcase classname="testScript.AddingCourseTocart" name="tc1" time="16.630"/>
  <system-out/>
</testsuite> <!-- testScript.AddingCourseTocart -->
